# JRE version: Java(TM) SE Runtime Environment (17.0.11+7) (build 17.0.11+7-LTS-207)
# Java VM: Java HotSpot(TM) 64-Bit Server VM (17.0.11+7-LTS-207, mixed mode, sharing, tiered, compressed oops, compressed class ptrs, g1 gc, windows-amd64)
GC Precious Log:
 CPUs: 12 total, 12 available
 Memory: 5829M
 Large Page Support: Disabled
 NUMA Support: Disabled
 Compressed Oops: Enabled (32-bit)
 Heap Region Size: 1M
 Heap Min Capacity: 8M
 Heap Initial Capacity: 92M
 Heap Max Capacity: 1458M
 Pre-touch: Disabled
 Parallel Workers: 10
 Concurrent Workers: 3
 Concurrent Refinement Workers: 10
 Periodic GC: Disabled
Heap:
 garbage-first heap   total 112640K, used 63261K [0x00000000a4e00000, 0x0000000100000000)
  region size 1024K, 26 young (26624K), 2 survivors (2048K)
 Metaspace       used 26802K, committed 27072K, reserved 1114112K
  class space    used 3078K, committed 3200K, reserved 1048576K
GC Heap History (20 events):
Event: 1.233 GC heap before
{Heap before GC invocations=1 (full 0):
 garbage-first heap   total 94208K, used 34488K [0x00000000a4e00000, 0x0000000100000000)
  region size 1024K, 33 young (33792K), 3 survivors (3072K)
 Metaspace       used 9776K, committed 9920K, reserved 1114112K
  class space    used 1188K, committed 1280K, reserved 1048576K
}
Event: 1.240 GC heap after
{Heap after GC invocations=2 (full 0):
 garbage-first heap   total 94208K, used 5591K [0x00000000a4e00000, 0x0000000100000000)
  region size 1024K, 2 young (2048K), 2 survivors (2048K)
 Metaspace       used 9776K, committed 9920K, reserved 1114112K
  class space    used 1188K, committed 1280K, reserved 1048576K
}
Event: 2.341 GC heap before
{Heap before GC invocations=2 (full 0):
 garbage-first heap   total 94208K, used 59863K [0x00000000a4e00000, 0x0000000100000000)
  region size 1024K, 55 young (56320K), 2 survivors (2048K)
 Metaspace       used 15400K, committed 15552K, reserved 1114112K
  class space    used 1836K, committed 1920K, reserved 1048576K
}
Event: 2.352 GC heap after
{Heap after GC invocations=3 (full 0):
 garbage-first heap   total 94208K, used 9606K [0x00000000a4e00000, 0x0000000100000000)
  region size 1024K, 6 young (6144K), 6 survivors (6144K)
 Metaspace       used 15400K, committed 15552K, reserved 1114112K
  class space    used 1836K, committed 1920K, reserved 1048576K
}
Event: 3.210 GC heap before
{Heap before GC invocations=3 (full 0):
 garbage-first heap   total 94208K, used 59782K [0x00000000a4e00000, 0x0000000100000000)
  region size 1024K, 55 young (56320K), 6 survivors (6144K)
 Metaspace       used 16784K, committed 17024K, reserved 1114112K
  class space    used 1947K, committed 2048K, reserved 1048576K
}
Event: 3.220 GC heap after
{Heap after GC invocations=4 (full 0):
 garbage-first heap   total 94208K, used 12361K [0x00000000a4e00000, 0x0000000100000000)
  region size 1024K, 3 young (3072K), 3 survivors (3072K)
 Metaspace       used 16784K, committed 17024K, reserved 1114112K
  class space    used 1947K, committed 2048K, reserved 1048576K
}
Event: 4.011 GC heap before
{Heap before GC invocations=4 (full 0):
 garbage-first heap   total 94208K, used 28745K [0x00000000a4e00000, 0x0000000100000000)
  region size 1024K, 20 young (20480K), 3 survivors (3072K)
 Metaspace       used 21258K, committed 21504K, reserved 1114112K
  class space    used 2501K, committed 2624K, reserved 1048576K
}
Event: 4.020 GC heap after
{Heap after GC invocations=5 (full 0):
 garbage-first heap   total 113664K, used 13458K [0x00000000a4e00000, 0x0000000100000000)
  region size 1024K, 4 young (4096K), 4 survivors (4096K)
 Metaspace       used 21258K, committed 21504K, reserved 1114112K
  class space    used 2501K, committed 2624K, reserved 1048576K
}
Event: 4.735 GC heap before
{Heap before GC invocations=6 (full 0):
 garbage-first heap   total 51200K, used 40082K [0x00000000a4e00000, 0x0000000100000000)
  region size 1024K, 30 young (30720K), 4 survivors (4096K)
 Metaspace       used 25089K, committed 25408K, reserved 1114112K
  class space    used 2888K, committed 3072K, reserved 1048576K
}
Event: 4.749 GC heap after
{Heap after GC invocations=7 (full 0):
 garbage-first heap   total 55296K, used 23378K [0x00000000a4e00000, 0x0000000100000000)
  region size 1024K, 4 young (4096K), 4 survivors (4096K)
 Metaspace       used 25089K, committed 25408K, reserved 1114112K
  class space    used 2888K, committed 3072K, reserved 1048576K
}
Event: 4.764 GC heap before
{Heap before GC invocations=7 (full 0):
 garbage-first heap   total 55296K, used 24402K [0x00000000a4e00000, 0x0000000100000000)
  region size 1024K, 5 young (5120K), 4 survivors (4096K)
 Metaspace       used 25090K, committed 25408K, reserved 1114112K
  class space    used 2888K, committed 3072K, reserved 1048576K
}
Event: 4.768 GC heap after
{Heap after GC invocations=8 (full 0):
 garbage-first heap   total 55296K, used 24433K [0x00000000a4e00000, 0x0000000100000000)
  region size 1024K, 1 young (1024K), 1 survivors (1024K)
 Metaspace       used 25090K, committed 25408K, reserved 1114112K
  class space    used 2888K, committed 3072K, reserved 1048576K
}
Event: 4.888 GC heap before
{Heap before GC invocations=8 (full 0):
 garbage-first heap   total 55296K, used 39793K [0x00000000a4e00000, 0x0000000100000000)
  region size 1024K, 17 young (17408K), 1 survivors (1024K)
 Metaspace       used 25108K, committed 25408K, reserved 1114112K
  class space    used 2888K, committed 3072K, reserved 1048576K
}
Event: 4.892 GC heap after
{Heap after GC invocations=9 (full 0):
 garbage-first heap   total 55296K, used 30424K [0x00000000a4e00000, 0x0000000100000000)
  region size 1024K, 3 young (3072K), 3 survivors (3072K)
 Metaspace       used 25108K, committed 25408K, reserved 1114112K
  class space    used 2888K, committed 3072K, reserved 1048576K
}
Event: 5.014 GC heap before
{Heap before GC invocations=9 (full 0):
 garbage-first heap   total 55296K, used 39640K [0x00000000a4e00000, 0x0000000100000000)
  region size 1024K, 13 young (13312K), 3 survivors (3072K)
 Metaspace       used 25403K, committed 25664K, reserved 1114112K
  class space    used 2925K, committed 3072K, reserved 1048576K
}
Event: 5.020 GC heap after
{Heap after GC invocations=10 (full 0):
 garbage-first heap   total 55296K, used 32768K [0x00000000a4e00000, 0x0000000100000000)
  region size 1024K, 2 young (2048K), 2 survivors (2048K)
 Metaspace       used 25403K, committed 25664K, reserved 1114112K
  class space    used 2925K, committed 3072K, reserved 1048576K
}
Event: 5.094 GC heap before
{Heap before GC invocations=11 (full 0):
 garbage-first heap   total 56320K, used 41984K [0x00000000a4e00000, 0x0000000100000000)
  region size 1024K, 11 young (11264K), 2 survivors (2048K)
 Metaspace       used 25619K, committed 25856K, reserved 1114112K
  class space    used 2952K, committed 3072K, reserved 1048576K
}
Event: 5.098 GC heap after
{Heap after GC invocations=12 (full 0):
 garbage-first heap   total 56320K, used 34796K [0x00000000a4e00000, 0x0000000100000000)
  region size 1024K, 2 young (2048K), 2 survivors (2048K)
 Metaspace       used 25619K, committed 25856K, reserved 1114112K
  class space    used 2952K, committed 3072K, reserved 1048576K
}
Event: 5.155 GC heap before
{Heap before GC invocations=12 (full 0):
 garbage-first heap   total 56320K, used 41964K [0x00000000a4e00000, 0x0000000100000000)
  region size 1024K, 10 young (10240K), 2 survivors (2048K)
 Metaspace       used 25692K, committed 26048K, reserved 1114112K
  class space    used 2954K, committed 3136K, reserved 1048576K
}
Event: 5.160 GC heap after
{Heap after GC invocations=13 (full 0):
 garbage-first heap   total 112640K, used 36637K [0x00000000a4e00000, 0x0000000100000000)
  region size 1024K, 2 young (2048K), 2 survivors (2048K)
 Metaspace       used 25692K, committed 26048K, reserved 1114112K
  class space    used 2954K, committed 3136K, reserved 1048576K
}

