# JRE version: Java(TM) SE Runtime Environment (17.0.11+7) (build 17.0.11+7-LTS-207)
# Java VM: Java HotSpot(TM) 64-Bit Server VM (17.0.11+7-LTS-207, mixed mode, sharing, tiered, compressed oops, compressed class ptrs, g1 gc, windows-amd64)
GC Precious Log:
 CPUs: 12 total, 12 available
 Memory: 5829M
 Large Page Support: Disabled
 NUMA Support: Disabled
 Compressed Oops: Enabled (32-bit)
 Heap Region Size: 1M
 Heap Min Capacity: 8M
 Heap Initial Capacity: 92M
 Heap Max Capacity: 1458M
 Pre-touch: Disabled
 Parallel Workers: 10
 Concurrent Workers: 3
 Concurrent Refinement Workers: 10
 Periodic GC: Disabled
Heap:
 garbage-first heap   total 123904K, used 75001K [0x00000000a4e00000, 0x0000000100000000)
  region size 1024K, 33 young (33792K), 5 survivors (5120K)
 Metaspace       used 28593K, committed 28928K, reserved 1114112K
  class space    used 3191K, committed 3328K, reserved 1048576K
GC Heap History (20 events):
Event: 4.056 GC heap before
{Heap before GC invocations=3 (full 0):
 garbage-first heap   total 94208K, used 59913K [0x00000000a4e00000, 0x0000000100000000)
  region size 1024K, 55 young (56320K), 6 survivors (6144K)
 Metaspace       used 16794K, committed 16960K, reserved 1114112K
  class space    used 1945K, committed 2048K, reserved 1048576K
}
Event: 4.071 GC heap after
{Heap after GC invocations=4 (full 0):
 garbage-first heap   total 94208K, used 12073K [0x00000000a4e00000, 0x0000000100000000)
  region size 1024K, 3 young (3072K), 3 survivors (3072K)
 Metaspace       used 16794K, committed 16960K, reserved 1114112K
  class space    used 1945K, committed 2048K, reserved 1048576K
}
Event: 5.031 GC heap before
{Heap before GC invocations=4 (full 0):
 garbage-first heap   total 94208K, used 28457K [0x00000000a4e00000, 0x0000000100000000)
  region size 1024K, 20 young (20480K), 3 survivors (3072K)
 Metaspace       used 21245K, committed 21504K, reserved 1114112K
  class space    used 2492K, committed 2624K, reserved 1048576K
}
Event: 5.039 GC heap after
{Heap after GC invocations=5 (full 0):
 garbage-first heap   total 94208K, used 13520K [0x00000000a4e00000, 0x0000000100000000)
  region size 1024K, 4 young (4096K), 4 survivors (4096K)
 Metaspace       used 21245K, committed 21504K, reserved 1114112K
  class space    used 2492K, committed 2624K, reserved 1048576K
}
Event: 5.755 GC heap before
{Heap before GC invocations=6 (full 0):
 garbage-first heap   total 51200K, used 40144K [0x00000000a4e00000, 0x0000000100000000)
  region size 1024K, 30 young (30720K), 4 survivors (4096K)
 Metaspace       used 25109K, committed 25472K, reserved 1114112K
  class space    used 2886K, committed 3072K, reserved 1048576K
}
Event: 5.776 GC heap after
{Heap after GC invocations=7 (full 0):
 garbage-first heap   total 55296K, used 23625K [0x00000000a4e00000, 0x0000000100000000)
  region size 1024K, 4 young (4096K), 4 survivors (4096K)
 Metaspace       used 25109K, committed 25472K, reserved 1114112K
  class space    used 2886K, committed 3072K, reserved 1048576K
}
Event: 5.806 GC heap before
{Heap before GC invocations=7 (full 0):
 garbage-first heap   total 55296K, used 23625K [0x00000000a4e00000, 0x0000000100000000)
  region size 1024K, 5 young (5120K), 4 survivors (4096K)
 Metaspace       used 25111K, committed 25472K, reserved 1114112K
  class space    used 2886K, committed 3072K, reserved 1048576K
}
Event: 5.811 GC heap after
{Heap after GC invocations=8 (full 0):
 garbage-first heap   total 66560K, used 24614K [0x00000000a4e00000, 0x0000000100000000)
  region size 1024K, 1 young (1024K), 1 survivors (1024K)
 Metaspace       used 25111K, committed 25472K, reserved 1114112K
  class space    used 2886K, committed 3072K, reserved 1048576K
}
Event: 6.092 GC heap before
{Heap before GC invocations=8 (full 0):
 garbage-first heap   total 66560K, used 45094K [0x00000000a4e00000, 0x0000000100000000)
  region size 1024K, 22 young (22528K), 1 survivors (1024K)
 Metaspace       used 25323K, committed 25664K, reserved 1114112K
  class space    used 2910K, committed 3072K, reserved 1048576K
}
Event: 6.098 GC heap after
{Heap after GC invocations=9 (full 0):
 garbage-first heap   total 66560K, used 31744K [0x00000000a4e00000, 0x0000000100000000)
  region size 1024K, 3 young (3072K), 3 survivors (3072K)
 Metaspace       used 25323K, committed 25664K, reserved 1114112K
  class space    used 2910K, committed 3072K, reserved 1048576K
}
Event: 6.222 GC heap before
{Heap before GC invocations=9 (full 0):
 garbage-first heap   total 66560K, used 47104K [0x00000000a4e00000, 0x0000000100000000)
  region size 1024K, 19 young (19456K), 3 survivors (3072K)
 Metaspace       used 25654K, committed 25920K, reserved 1114112K
  class space    used 2950K, committed 3072K, reserved 1048576K
}
Event: 6.232 GC heap after
{Heap after GC invocations=10 (full 0):
 garbage-first heap   total 66560K, used 35608K [0x00000000a4e00000, 0x0000000100000000)
  region size 1024K, 3 young (3072K), 3 survivors (3072K)
 Metaspace       used 25654K, committed 25920K, reserved 1114112K
  class space    used 2950K, committed 3072K, reserved 1048576K
}
Event: 6.322 GC heap before
{Heap before GC invocations=10 (full 0):
 garbage-first heap   total 66560K, used 42776K [0x00000000a4e00000, 0x0000000100000000)
  region size 1024K, 11 young (11264K), 3 survivors (3072K)
 Metaspace       used 25745K, committed 26112K, reserved 1114112K
  class space    used 2952K, committed 3136K, reserved 1048576K
}
Event: 6.328 GC heap after
{Heap after GC invocations=11 (full 0):
 garbage-first heap   total 66560K, used 37888K [0x00000000a4e00000, 0x0000000100000000)
  region size 1024K, 2 young (2048K), 2 survivors (2048K)
 Metaspace       used 25745K, committed 26112K, reserved 1114112K
  class space    used 2952K, committed 3136K, reserved 1048576K
}
Event: 6.523 GC heap before
{Heap before GC invocations=12 (full 0):
 garbage-first heap   total 66560K, used 52224K [0x00000000a4e00000, 0x0000000100000000)
  region size 1024K, 15 young (15360K), 2 survivors (2048K)
 Metaspace       used 26002K, committed 26304K, reserved 1114112K
  class space    used 2953K, committed 3136K, reserved 1048576K
}
Event: 6.532 GC heap after
{Heap after GC invocations=13 (full 0):
 garbage-first heap   total 66560K, used 41449K [0x00000000a4e00000, 0x0000000100000000)
  region size 1024K, 2 young (2048K), 2 survivors (2048K)
 Metaspace       used 26002K, committed 26304K, reserved 1114112K
  class space    used 2953K, committed 3136K, reserved 1048576K
}
Event: 6.568 GC heap before
{Heap before GC invocations=13 (full 0):
 garbage-first heap   total 66560K, used 45545K [0x00000000a4e00000, 0x0000000100000000)
  region size 1024K, 7 young (7168K), 2 survivors (2048K)
 Metaspace       used 26043K, committed 26368K, reserved 1114112K
  class space    used 2955K, committed 3136K, reserved 1048576K
}
Event: 6.576 GC heap after
{Heap after GC invocations=14 (full 0):
 garbage-first heap   total 123904K, used 42580K [0x00000000a4e00000, 0x0000000100000000)
  region size 1024K, 1 young (1024K), 1 survivors (1024K)
 Metaspace       used 26043K, committed 26368K, reserved 1114112K
  class space    used 2955K, committed 3136K, reserved 1048576K
}
Event: 7.484 GC heap before
{Heap before GC invocations=14 (full 0):
 garbage-first heap   total 123904K, used 87636K [0x00000000a4e00000, 0x0000000100000000)
  region size 1024K, 43 young (44032K), 1 survivors (1024K)
 Metaspace       used 28348K, committed 28608K, reserved 1114112K
  class space    used 3191K, committed 3328K, reserved 1048576K
}
Event: 7.500 GC heap after
{Heap after GC invocations=15 (full 0):
 garbage-first heap   total 123904K, used 47353K [0x00000000a4e00000, 0x0000000100000000)
  region size 1024K, 5 young (5120K), 5 survivors (5120K)
 Metaspace       used 28348K, committed 28608K, reserved 1114112K
  class space    used 3191K, committed 3328K, reserved 1048576K
}

