# JRE version: Java(TM) SE Runtime Environment (17.0.11+7) (build 17.0.11+7-LTS-207)
# Java VM: Java HotSpot(TM) 64-Bit Server VM (17.0.11+7-LTS-207, mixed mode, sharing, tiered, compressed oops, compressed class ptrs, g1 gc, windows-amd64)
GC Precious Log:
 CPUs: 12 total, 12 available
 Memory: 5829M
 Large Page Support: Disabled
 NUMA Support: Disabled
 Compressed Oops: Enabled (32-bit)
 Heap Region Size: 1M
 Heap Min Capacity: 8M
 Heap Initial Capacity: 92M
 Heap Max Capacity: 1458M
 Pre-touch: Disabled
 Parallel Workers: 10
 Concurrent Workers: 3
 Concurrent Refinement Workers: 10
 Periodic GC: Disabled
Heap:
 garbage-first heap   total 116736K, used 60985K [0x00000000a4e00000, 0x0000000100000000)
  region size 1024K, 16 young (16384K), 4 survivors (4096K)
 Metaspace       used 29218K, committed 29568K, reserved 1114112K
  class space    used 3243K, committed 3392K, reserved 1048576K
GC Heap History (20 events):
Event: 4.739 GC heap before
{Heap before GC invocations=6 (full 0):
 garbage-first heap   total 51200K, used 40068K [0x00000000a4e00000, 0x0000000100000000)
  region size 1024K, 30 young (30720K), 4 survivors (4096K)
 Metaspace       used 25108K, committed 25408K, reserved 1114112K
  class space    used 2888K, committed 3072K, reserved 1048576K
}
Event: 4.754 GC heap after
{Heap after GC invocations=7 (full 0):
 garbage-first heap   total 55296K, used 23536K [0x00000000a4e00000, 0x0000000100000000)
  region size 1024K, 4 young (4096K), 4 survivors (4096K)
 Metaspace       used 25108K, committed 25408K, reserved 1114112K
  class space    used 2888K, committed 3072K, reserved 1048576K
}
Event: 4.887 GC heap before
{Heap before GC invocations=7 (full 0):
 garbage-first heap   total 55296K, used 38896K [0x00000000a4e00000, 0x0000000100000000)
  region size 1024K, 20 young (20480K), 4 survivors (4096K)
 Metaspace       used 25127K, committed 25472K, reserved 1114112K
  class space    used 2888K, committed 3072K, reserved 1048576K
}
Event: 4.894 GC heap after
{Heap after GC invocations=8 (full 0):
 garbage-first heap   total 66560K, used 30474K [0x00000000a4e00000, 0x0000000100000000)
  region size 1024K, 3 young (3072K), 3 survivors (3072K)
 Metaspace       used 25127K, committed 25472K, reserved 1114112K
  class space    used 2888K, committed 3072K, reserved 1048576K
}
Event: 5.081 GC heap before
{Heap before GC invocations=8 (full 0):
 garbage-first heap   total 66560K, used 45834K [0x00000000a4e00000, 0x0000000100000000)
  region size 1024K, 18 young (18432K), 3 survivors (3072K)
 Metaspace       used 25644K, committed 25920K, reserved 1114112K
  class space    used 2952K, committed 3072K, reserved 1048576K
}
Event: 5.087 GC heap after
{Heap after GC invocations=9 (full 0):
 garbage-first heap   total 66560K, used 33909K [0x00000000a4e00000, 0x0000000100000000)
  region size 1024K, 3 young (3072K), 3 survivors (3072K)
 Metaspace       used 25644K, committed 25920K, reserved 1114112K
  class space    used 2952K, committed 3072K, reserved 1048576K
}
Event: 5.169 GC heap before
{Heap before GC invocations=9 (full 0):
 garbage-first heap   total 66560K, used 48245K [0x00000000a4e00000, 0x0000000100000000)
  region size 1024K, 17 young (17408K), 3 survivors (3072K)
 Metaspace       used 25719K, committed 26048K, reserved 1114112K
  class space    used 2953K, committed 3136K, reserved 1048576K
}
Event: 5.176 GC heap after
{Heap after GC invocations=10 (full 0):
 garbage-first heap   total 66560K, used 37130K [0x00000000a4e00000, 0x0000000100000000)
  region size 1024K, 3 young (3072K), 3 survivors (3072K)
 Metaspace       used 25719K, committed 26048K, reserved 1114112K
  class space    used 2953K, committed 3136K, reserved 1048576K
}
Event: 5.319 GC heap before
{Heap before GC invocations=11 (full 0):
 garbage-first heap   total 66560K, used 50442K [0x00000000a4e00000, 0x0000000100000000)
  region size 1024K, 15 young (15360K), 3 survivors (3072K)
 Metaspace       used 25954K, committed 26304K, reserved 1114112K
  class space    used 2955K, committed 3136K, reserved 1048576K
}
Event: 5.326 GC heap after
{Heap after GC invocations=12 (full 0):
 garbage-first heap   total 66560K, used 40202K [0x00000000a4e00000, 0x0000000100000000)
  region size 1024K, 2 young (2048K), 2 survivors (2048K)
 Metaspace       used 25954K, committed 26304K, reserved 1114112K
  class space    used 2955K, committed 3136K, reserved 1048576K
}
Event: 5.349 GC heap before
{Heap before GC invocations=12 (full 0):
 garbage-first heap   total 66560K, used 45322K [0x00000000a4e00000, 0x0000000100000000)
  region size 1024K, 8 young (8192K), 2 survivors (2048K)
 Metaspace       used 25997K, committed 26304K, reserved 1114112K
  class space    used 2956K, committed 3136K, reserved 1048576K
}
Event: 5.354 GC heap after
{Heap after GC invocations=13 (full 0):
 garbage-first heap   total 66560K, used 41718K [0x00000000a4e00000, 0x0000000100000000)
  region size 1024K, 2 young (2048K), 2 survivors (2048K)
 Metaspace       used 25997K, committed 26304K, reserved 1114112K
  class space    used 2956K, committed 3136K, reserved 1048576K
}
Event: 5.600 GC heap before
{Heap before GC invocations=14 (full 0):
 garbage-first heap   total 80896K, used 52982K [0x00000000a4e00000, 0x0000000100000000)
  region size 1024K, 11 young (11264K), 2 survivors (2048K)
 Metaspace       used 27438K, committed 27712K, reserved 1114112K
  class space    used 3132K, committed 3264K, reserved 1048576K
}
Event: 5.608 GC heap after
{Heap after GC invocations=15 (full 0):
 garbage-first heap   total 80896K, used 44298K [0x00000000a4e00000, 0x0000000100000000)
  region size 1024K, 2 young (2048K), 2 survivors (2048K)
 Metaspace       used 27438K, committed 27712K, reserved 1114112K
  class space    used 3132K, committed 3264K, reserved 1048576K
}
Event: 5.935 GC heap before
{Heap before GC invocations=15 (full 0):
 garbage-first heap   total 80896K, used 61706K [0x00000000a4e00000, 0x0000000100000000)
  region size 1024K, 19 young (19456K), 2 survivors (2048K)
 Metaspace       used 28113K, committed 28416K, reserved 1114112K
  class space    used 3191K, committed 3328K, reserved 1048576K
}
Event: 5.944 GC heap after
{Heap after GC invocations=16 (full 0):
 garbage-first heap   total 116736K, used 45817K [0x00000000a4e00000, 0x0000000100000000)
  region size 1024K, 3 young (3072K), 3 survivors (3072K)
 Metaspace       used 28113K, committed 28416K, reserved 1114112K
  class space    used 3191K, committed 3328K, reserved 1048576K
}
Event: 6.514 GC heap before
{Heap before GC invocations=17 (full 0):
 garbage-first heap   total 116736K, used 85753K [0x00000000a4e00000, 0x0000000100000000)
  region size 1024K, 42 young (43008K), 3 survivors (3072K)
 Metaspace       used 28456K, committed 28736K, reserved 1114112K
  class space    used 3193K, committed 3328K, reserved 1048576K
}
Event: 6.524 GC heap after
{Heap after GC invocations=18 (full 0):
 garbage-first heap   total 116736K, used 47767K [0x00000000a4e00000, 0x0000000100000000)
  region size 1024K, 5 young (5120K), 5 survivors (5120K)
 Metaspace       used 28456K, committed 28736K, reserved 1114112K
  class space    used 3193K, committed 3328K, reserved 1048576K
}
Event: 7.007 GC heap before
{Heap before GC invocations=18 (full 0):
 garbage-first heap   total 116736K, used 87703K [0x00000000a4e00000, 0x0000000100000000)
  region size 1024K, 44 young (45056K), 5 survivors (5120K)
 Metaspace       used 28732K, committed 28992K, reserved 1114112K
  class space    used 3193K, committed 3328K, reserved 1048576K
}
Event: 7.017 GC heap after
{Heap after GC invocations=19 (full 0):
 garbage-first heap   total 116736K, used 49721K [0x00000000a4e00000, 0x0000000100000000)
  region size 1024K, 4 young (4096K), 4 survivors (4096K)
 Metaspace       used 28732K, committed 28992K, reserved 1114112K
  class space    used 3193K, committed 3328K, reserved 1048576K
}

