# JRE version: Java(TM) SE Runtime Environment (17.0.11+7) (build 17.0.11+7-LTS-207)
# Java VM: Java HotSpot(TM) 64-Bit Server VM (17.0.11+7-LTS-207, mixed mode, sharing, tiered, compressed oops, compressed class ptrs, g1 gc, windows-amd64)
GC Precious Log:
 CPUs: 12 total, 12 available
 Memory: 5829M
 Large Page Support: Disabled
 NUMA Support: Disabled
 Compressed Oops: Enabled (32-bit)
 Heap Region Size: 1M
 Heap Min Capacity: 8M
 Heap Initial Capacity: 92M
 Heap Max Capacity: 1458M
 Pre-touch: Disabled
 Parallel Workers: 10
 Concurrent Workers: 3
 Concurrent Refinement Workers: 10
 Periodic GC: Disabled
Heap:
 garbage-first heap   total 102400K, used 58438K [0x00000000a4e00000, 0x0000000100000000)
  region size 1024K, 3 young (3072K), 1 survivors (1024K)
 Metaspace       used 31028K, committed 31296K, reserved 1114112K
  class space    used 3480K, committed 3584K, reserved 1048576K
GC Heap History (20 events):
Event: 34.018 GC heap before
{Heap before GC invocations=4 (full 0):
 garbage-first heap   total 61440K, used 43941K [0x00000000a4e00000, 0x0000000100000000)
  region size 1024K, 27 young (27648K), 1 survivors (1024K)
 Metaspace       used 28547K, committed 28928K, reserved 1114112K
  class space    used 3131K, committed 3328K, reserved 1048576K
}
Event: 34.022 GC heap after
{Heap after GC invocations=5 (full 0):
 garbage-first heap   total 61440K, used 22583K [0x00000000a4e00000, 0x0000000100000000)
  region size 1024K, 5 young (5120K), 5 survivors (5120K)
 Metaspace       used 28547K, committed 28928K, reserved 1114112K
  class space    used 3131K, committed 3328K, reserved 1048576K
}
Event: 34.072 GC heap before
{Heap before GC invocations=5 (full 0):
 garbage-first heap   total 61440K, used 23607K [0x00000000a4e00000, 0x0000000100000000)
  region size 1024K, 6 young (6144K), 5 survivors (5120K)
 Metaspace       used 28578K, committed 28928K, reserved 1114112K
  class space    used 3132K, committed 3328K, reserved 1048576K
}
Event: 34.075 GC heap after
{Heap after GC invocations=6 (full 0):
 garbage-first heap   total 61440K, used 22633K [0x00000000a4e00000, 0x0000000100000000)
  region size 1024K, 1 young (1024K), 1 survivors (1024K)
 Metaspace       used 28578K, committed 28928K, reserved 1114112K
  class space    used 3132K, committed 3328K, reserved 1048576K
}
Event: 34.478 GC heap before
{Heap before GC invocations=6 (full 0):
 garbage-first heap   total 61440K, used 36969K [0x00000000a4e00000, 0x0000000100000000)
  region size 1024K, 12 young (12288K), 1 survivors (1024K)
 Metaspace       used 29320K, committed 29632K, reserved 1114112K
  class space    used 3210K, committed 3392K, reserved 1048576K
}
Event: 34.480 GC heap after
{Heap after GC invocations=7 (full 0):
 garbage-first heap   total 61440K, used 27800K [0x00000000a4e00000, 0x0000000100000000)
  region size 1024K, 2 young (2048K), 2 survivors (2048K)
 Metaspace       used 29320K, committed 29632K, reserved 1114112K
  class space    used 3210K, committed 3392K, reserved 1048576K
}
Event: 34.494 GC heap before
{Heap before GC invocations=7 (full 0):
 garbage-first heap   total 61440K, used 30872K [0x00000000a4e00000, 0x0000000100000000)
  region size 1024K, 4 young (4096K), 2 survivors (2048K)
 Metaspace       used 29321K, committed 29632K, reserved 1114112K
  class space    used 3210K, committed 3392K, reserved 1048576K
}
Event: 34.495 GC heap after
{Heap after GC invocations=8 (full 0):
 garbage-first heap   total 61440K, used 30050K [0x00000000a4e00000, 0x0000000100000000)
  region size 1024K, 2 young (2048K), 2 survivors (2048K)
 Metaspace       used 29321K, committed 29632K, reserved 1114112K
  class space    used 3210K, committed 3392K, reserved 1048576K
}
Event: 34.663 GC heap before
{Heap before GC invocations=9 (full 0):
 garbage-first heap   total 61440K, used 35170K [0x00000000a4e00000, 0x0000000100000000)
  region size 1024K, 6 young (6144K), 2 survivors (2048K)
 Metaspace       used 29429K, committed 29760K, reserved 1114112K
  class space    used 3231K, committed 3392K, reserved 1048576K
}
Event: 34.665 GC heap after
{Heap after GC invocations=10 (full 0):
 garbage-first heap   total 61440K, used 32530K [0x00000000a4e00000, 0x0000000100000000)
  region size 1024K, 2 young (2048K), 2 survivors (2048K)
 Metaspace       used 29429K, committed 29760K, reserved 1114112K
  class space    used 3231K, committed 3392K, reserved 1048576K
}
Event: 35.138 GC heap before
{Heap before GC invocations=11 (full 0):
 garbage-first heap   total 68608K, used 51986K [0x00000000a4e00000, 0x0000000100000000)
  region size 1024K, 17 young (17408K), 2 survivors (2048K)
 Metaspace       used 30013K, committed 30272K, reserved 1114112K
  class space    used 3290K, committed 3392K, reserved 1048576K
}
Event: 35.140 GC heap after
{Heap after GC invocations=12 (full 0):
 garbage-first heap   total 68608K, used 39161K [0x00000000a4e00000, 0x0000000100000000)
  region size 1024K, 3 young (3072K), 3 survivors (3072K)
 Metaspace       used 30013K, committed 30272K, reserved 1114112K
  class space    used 3290K, committed 3392K, reserved 1048576K
}
Event: 35.234 GC heap before
{Heap before GC invocations=12 (full 0):
 garbage-first heap   total 68608K, used 41209K [0x00000000a4e00000, 0x0000000100000000)
  region size 1024K, 6 young (6144K), 3 survivors (3072K)
 Metaspace       used 30581K, committed 30848K, reserved 1114112K
  class space    used 3400K, committed 3520K, reserved 1048576K
}
Event: 35.235 GC heap after
{Heap after GC invocations=13 (full 0):
 garbage-first heap   total 68608K, used 39574K [0x00000000a4e00000, 0x0000000100000000)
  region size 1024K, 1 young (1024K), 1 survivors (1024K)
 Metaspace       used 30581K, committed 30848K, reserved 1114112K
  class space    used 3400K, committed 3520K, reserved 1048576K
}
Event: 35.657 GC heap before
{Heap before GC invocations=14 (full 0):
 garbage-first heap   total 73728K, used 68246K [0x00000000a4e00000, 0x0000000100000000)
  region size 1024K, 15 young (15360K), 1 survivors (1024K)
 Metaspace       used 31014K, committed 31296K, reserved 1114112K
  class space    used 3479K, committed 3584K, reserved 1048576K
}
Event: 35.658 GC heap after
{Heap after GC invocations=15 (full 0):
 garbage-first heap   total 73728K, used 55864K [0x00000000a4e00000, 0x0000000100000000)
  region size 1024K, 2 young (2048K), 2 survivors (2048K)
 Metaspace       used 31014K, committed 31296K, reserved 1114112K
  class space    used 3479K, committed 3584K, reserved 1048576K
}
Event: 35.671 GC heap before
{Heap before GC invocations=15 (full 0):
 garbage-first heap   total 73728K, used 56888K [0x00000000a4e00000, 0x0000000100000000)
  region size 1024K, 3 young (3072K), 2 survivors (2048K)
 Metaspace       used 31022K, committed 31296K, reserved 1114112K
  class space    used 3479K, committed 3584K, reserved 1048576K
}
Event: 35.673 GC heap after
{Heap after GC invocations=16 (full 0):
 garbage-first heap   total 73728K, used 55484K [0x00000000a4e00000, 0x0000000100000000)
  region size 1024K, 1 young (1024K), 1 survivors (1024K)
 Metaspace       used 31022K, committed 31296K, reserved 1114112K
  class space    used 3479K, committed 3584K, reserved 1048576K
}
Event: 35.673 GC heap before
{Heap before GC invocations=16 (full 0):
 garbage-first heap   total 73728K, used 55484K [0x00000000a4e00000, 0x0000000100000000)
  region size 1024K, 2 young (2048K), 1 survivors (1024K)
 Metaspace       used 31022K, committed 31296K, reserved 1114112K
  class space    used 3479K, committed 3584K, reserved 1048576K
}
Event: 35.674 GC heap after
{Heap after GC invocations=17 (full 0):
 garbage-first heap   total 73728K, used 55366K [0x00000000a4e00000, 0x0000000100000000)
  region size 1024K, 1 young (1024K), 1 survivors (1024K)
 Metaspace       used 31022K, committed 31296K, reserved 1114112K
  class space    used 3479K, committed 3584K, reserved 1048576K
}

